The system is: Linux - 3.17.7-300.fc21.x86_64 - x86_64
Compiling the C compiler identification source file "CMakeCCompilerId.c" succeeded.
Compiler: /usr/bin/cc 
Build flags: 
Id flags: 

The output was:
0


Compilation of the C compiler identification source "CMakeCCompilerId.c" produced "a.out"

The C compiler identification is GNU, found in "/home/jscialabba/workspace/tp_taller2/src/UdriveServer/main/CMakeFiles/3.0.2/CompilerIdC/a.out"

Compiling the CXX compiler identification source file "CMakeCXXCompilerId.cpp" succeeded.
Compiler: /usr/bin/c++ 
Build flags: 
Id flags: 

The output was:
0


Compilation of the CXX compiler identification source "CMakeCXXCompilerId.cpp" produced "a.out"

The CXX compiler identification is GNU, found in "/home/jscialabba/workspace/tp_taller2/src/UdriveServer/main/CMakeFiles/3.0.2/CompilerIdCXX/a.out"

Determining if the C compiler works passed with the following output:
Change Dir: /home/jscialabba/workspace/tp_taller2/src/UdriveServer/main/CMakeFiles/CMakeTmp

Run Build Command:"/usr/bin/gmake" "cmTryCompileExec2129828404/fast"
/usr/bin/gmake -f CMakeFiles/cmTryCompileExec2129828404.dir/build.make CMakeFiles/cmTryCompileExec2129828404.dir/build
gmake[1]: Entering directory '/home/jscialabba/workspace/tp_taller2/src/UdriveServer/main/CMakeFiles/CMakeTmp'
/usr/bin/cmake -E cmake_progress_report /home/jscialabba/workspace/tp_taller2/src/UdriveServer/main/CMakeFiles/CMakeTmp/CMakeFiles 1
Building C object CMakeFiles/cmTryCompileExec2129828404.dir/testCCompiler.c.o
/usr/bin/cc    -o CMakeFiles/cmTryCompileExec2129828404.dir/testCCompiler.c.o   -c /home/jscialabba/workspace/tp_taller2/src/UdriveServer/main/CMakeFiles/CMakeTmp/testCCompiler.c
Linking C executable cmTryCompileExec2129828404
/usr/bin/cmake -E cmake_link_script CMakeFiles/cmTryCompileExec2129828404.dir/link.txt --verbose=1
/usr/bin/cc       CMakeFiles/cmTryCompileExec2129828404.dir/testCCompiler.c.o  -o cmTryCompileExec2129828404 -rdynamic 
gmake[1]: Leaving directory '/home/jscialabba/workspace/tp_taller2/src/UdriveServer/main/CMakeFiles/CMakeTmp'


Detecting C compiler ABI info compiled with the following output:
Change Dir: /home/jscialabba/workspace/tp_taller2/src/UdriveServer/main/CMakeFiles/CMakeTmp

Run Build Command:"/usr/bin/gmake" "cmTryCompileExec1984154148/fast"
/usr/bin/gmake -f CMakeFiles/cmTryCompileExec1984154148.dir/build.make CMakeFiles/cmTryCompileExec1984154148.dir/build
gmake[1]: Entering directory '/home/jscialabba/workspace/tp_taller2/src/UdriveServer/main/CMakeFiles/CMakeTmp'
/usr/bin/cmake -E cmake_progress_report /home/jscialabba/workspace/tp_taller2/src/UdriveServer/main/CMakeFiles/CMakeTmp/CMakeFiles 1
Building C object CMakeFiles/cmTryCompileExec1984154148.dir/CMakeCCompilerABI.c.o
/usr/bin/cc    -o CMakeFiles/cmTryCompileExec1984154148.dir/CMakeCCompilerABI.c.o   -c /usr/share/cmake/Modules/CMakeCCompilerABI.c
Linking C executable cmTryCompileExec1984154148
/usr/bin/cmake -E cmake_link_script CMakeFiles/cmTryCompileExec1984154148.dir/link.txt --verbose=1
/usr/bin/cc     -v CMakeFiles/cmTryCompileExec1984154148.dir/CMakeCCompilerABI.c.o  -o cmTryCompileExec1984154148 -rdynamic  
Usando especificaciones internas.
COLLECT_GCC=/usr/bin/cc
COLLECT_LTO_WRAPPER=/usr/libexec/gcc/x86_64-redhat-linux/4.9.2/lto-wrapper
Objetivo: x86_64-redhat-linux
Configurado con: ../configure --prefix=/usr --mandir=/usr/share/man --infodir=/usr/share/info --with-bugurl=http://bugzilla.redhat.com/bugzilla --enable-bootstrap --enable-shared --enable-threads=posix --enable-checking=release --enable-multilib --with-system-zlib --enable-__cxa_atexit --disable-libunwind-exceptions --enable-gnu-unique-object --enable-linker-build-id --with-linker-hash-style=gnu --enable-languages=c,c++,objc,obj-c++,fortran,ada,go,lto --enable-plugin --enable-initfini-array --disable-libgcj --with-isl=/builddir/build/BUILD/gcc-4.9.2-20141101/obj-x86_64-redhat-linux/isl-install --with-cloog=/builddir/build/BUILD/gcc-4.9.2-20141101/obj-x86_64-redhat-linux/cloog-install --enable-gnu-indirect-function --with-tune=generic --with-arch_32=i686 --build=x86_64-redhat-linux
Modelo de hilos: posix
gcc versi贸n 4.9.2 20141101 (Red Hat 4.9.2-1) (GCC) 
COMPILER_PATH=/usr/libexec/gcc/x86_64-redhat-linux/4.9.2/:/usr/libexec/gcc/x86_64-redhat-linux/4.9.2/:/usr/libexec/gcc/x86_64-redhat-linux/:/usr/lib/gcc/x86_64-redhat-linux/4.9.2/:/usr/lib/gcc/x86_64-redhat-linux/
LIBRARY_PATH=/usr/lib/gcc/x86_64-redhat-linux/4.9.2/:/usr/lib/gcc/x86_64-redhat-linux/4.9.2/../../../../lib64/:/lib/../lib64/:/usr/lib/../lib64/:/usr/lib/gcc/x86_64-redhat-linux/4.9.2/../../../:/lib/:/usr/lib/
COLLECT_GCC_OPTIONS='-v' '-o' 'cmTryCompileExec1984154148' '-rdynamic' '-mtune=generic' '-march=x86-64'
 /usr/libexec/gcc/x86_64-redhat-linux/4.9.2/collect2 -plugin /usr/libexec/gcc/x86_64-redhat-linux/4.9.2/liblto_plugin.so -plugin-opt=/usr/libexec/gcc/x86_64-redhat-linux/4.9.2/lto-wrapper -plugin-opt=-fresolution=/tmp/ccyI1J5Q.res -plugin-opt=-pass-through=-lgcc -plugin-opt=-pass-through=-lgcc_s -plugin-opt=-pass-through=-lc -plugin-opt=-pass-through=-lgcc -plugin-opt=-pass-through=-lgcc_s --build-id --no-add-needed --eh-frame-hdr --hash-style=gnu -m elf_x86_64 -export-dynamic -dynamic-linker /lib64/ld-linux-x86-64.so.2 -o cmTryCompileExec1984154148 /usr/lib/gcc/x86_64-redhat-linux/4.9.2/../../../../lib64/crt1.o /usr/lib/gcc/x86_64-redhat-linux/4.9.2/../../../../lib64/crti.o /usr/lib/gcc/x86_64-redhat-linux/4.9.2/crtbegin.o -L/usr/lib/gcc/x86_64-redhat-linux/4.9.2 -L/usr/lib/gcc/x86_64-redhat-linux/4.9.2/../../../../lib64 -L/lib/../lib64 -L/usr/lib/../lib64 -L/usr/lib/gcc/x86_64-redhat-linux/4.9.2/../../.. CMakeFiles/cmTryCompileExec1984154148.dir/CMakeCCompilerABI.c.o -lgcc --as-needed -lgcc_s --no-as-needed -lc -lgcc --as-needed -lgcc_s --no-as-needed /usr/lib/gcc/x86_64-redhat-linux/4.9.2/crtend.o /usr/lib/gcc/x86_64-redhat-linux/4.9.2/../../../../lib64/crtn.o
gmake[1]: Leaving directory '/home/jscialabba/workspace/tp_taller2/src/UdriveServer/main/CMakeFiles/CMakeTmp'


Parsed C implicit link information from above output:
  link line regex: [^( *|.*[/\])(ld|([^/\]+-)?ld|collect2)[^/\]*( |$)]
  ignore line: [Change Dir: /home/jscialabba/workspace/tp_taller2/src/UdriveServer/main/CMakeFiles/CMakeTmp]
  ignore line: []
  ignore line: [Run Build Command:"/usr/bin/gmake" "cmTryCompileExec1984154148/fast"]
  ignore line: [/usr/bin/gmake -f CMakeFiles/cmTryCompileExec1984154148.dir/build.make CMakeFiles/cmTryCompileExec1984154148.dir/build]
  ignore line: [gmake[1]: Entering directory '/home/jscialabba/workspace/tp_taller2/src/UdriveServer/main/CMakeFiles/CMakeTmp']
  ignore line: [/usr/bin/cmake -E cmake_progress_report /home/jscialabba/workspace/tp_taller2/src/UdriveServer/main/CMakeFiles/CMakeTmp/CMakeFiles 1]
  ignore line: [Building C object CMakeFiles/cmTryCompileExec1984154148.dir/CMakeCCompilerABI.c.o]
  ignore line: [/usr/bin/cc    -o CMakeFiles/cmTryCompileExec1984154148.dir/CMakeCCompilerABI.c.o   -c /usr/share/cmake/Modules/CMakeCCompilerABI.c]
  ignore line: [Linking C executable cmTryCompileExec1984154148]
  ignore line: [/usr/bin/cmake -E cmake_link_script CMakeFiles/cmTryCompileExec1984154148.dir/link.txt --verbose=1]
  ignore line: [/usr/bin/cc     -v CMakeFiles/cmTryCompileExec1984154148.dir/CMakeCCompilerABI.c.o  -o cmTryCompileExec1984154148 -rdynamic  ]
  ignore line: [Usando especificaciones internas.]
  ignore line: [COLLECT_GCC=/usr/bin/cc]
  ignore line: [COLLECT_LTO_WRAPPER=/usr/libexec/gcc/x86_64-redhat-linux/4.9.2/lto-wrapper]
  ignore line: [Objetivo: x86_64-redhat-linux]
  ignore line: [Configurado con: ../configure --prefix=/usr --mandir=/usr/share/man --infodir=/usr/share/info --with-bugurl=http://bugzilla.redhat.com/bugzilla --enable-bootstrap --enable-shared --enable-threads=posix --enable-checking=release --enable-multilib --with-system-zlib --enable-__cxa_atexit --disable-libunwind-exceptions --enable-gnu-unique-object --enable-linker-build-id --with-linker-hash-style=gnu --enable-languages=c,c++,objc,obj-c++,fortran,ada,go,lto --enable-plugin --enable-initfini-array --disable-libgcj --with-isl=/builddir/build/BUILD/gcc-4.9.2-20141101/obj-x86_64-redhat-linux/isl-install --with-cloog=/builddir/build/BUILD/gcc-4.9.2-20141101/obj-x86_64-redhat-linux/cloog-install --enable-gnu-indirect-function --with-tune=generic --with-arch_32=i686 --build=x86_64-redhat-linux]
  ignore line: [Modelo de hilos: posix]
  ignore line: [gcc versi贸n 4.9.2 20141101 (Red Hat 4.9.2-1) (GCC) ]
  ignore line: [COMPILER_PATH=/usr/libexec/gcc/x86_64-redhat-linux/4.9.2/:/usr/libexec/gcc/x86_64-redhat-linux/4.9.2/:/usr/libexec/gcc/x86_64-redhat-linux/:/usr/lib/gcc/x86_64-redhat-linux/4.9.2/:/usr/lib/gcc/x86_64-redhat-linux/]
  ignore line: [LIBRARY_PATH=/usr/lib/gcc/x86_64-redhat-linux/4.9.2/:/usr/lib/gcc/x86_64-redhat-linux/4.9.2/../../../../lib64/:/lib/../lib64/:/usr/lib/../lib64/:/usr/lib/gcc/x86_64-redhat-linux/4.9.2/../../../:/lib/:/usr/lib/]
  ignore line: [COLLECT_GCC_OPTIONS='-v' '-o' 'cmTryCompileExec1984154148' '-rdynamic' '-mtune=generic' '-march=x86-64']
  link line: [ /usr/libexec/gcc/x86_64-redhat-linux/4.9.2/collect2 -plugin /usr/libexec/gcc/x86_64-redhat-linux/4.9.2/liblto_plugin.so -plugin-opt=/usr/libexec/gcc/x86_64-redhat-linux/4.9.2/lto-wrapper -plugin-opt=-fresolution=/tmp/ccyI1J5Q.res -plugin-opt=-pass-through=-lgcc -plugin-opt=-pass-through=-lgcc_s -plugin-opt=-pass-through=-lc -plugin-opt=-pass-through=-lgcc -plugin-opt=-pass-through=-lgcc_s --build-id --no-add-needed --eh-frame-hdr --hash-style=gnu -m elf_x86_64 -export-dynamic -dynamic-linker /lib64/ld-linux-x86-64.so.2 -o cmTryCompileExec1984154148 /usr/lib/gcc/x86_64-redhat-linux/4.9.2/../../../../lib64/crt1.o /usr/lib/gcc/x86_64-redhat-linux/4.9.2/../../../../lib64/crti.o /usr/lib/gcc/x86_64-redhat-linux/4.9.2/crtbegin.o -L/usr/lib/gcc/x86_64-redhat-linux/4.9.2 -L/usr/lib/gcc/x86_64-redhat-linux/4.9.2/../../../../lib64 -L/lib/../lib64 -L/usr/lib/../lib64 -L/usr/lib/gcc/x86_64-redhat-linux/4.9.2/../../.. CMakeFiles/cmTryCompileExec1984154148.dir/CMakeCCompilerABI.c.o -lgcc --as-needed -lgcc_s --no-as-needed -lc -lgcc --as-needed -lgcc_s --no-as-needed /usr/lib/gcc/x86_64-redhat-linux/4.9.2/crtend.o /usr/lib/gcc/x86_64-redhat-linux/4.9.2/../../../../lib64/crtn.o]
    arg [/usr/libexec/gcc/x86_64-redhat-linux/4.9.2/collect2] ==> ignore
    arg [-plugin] ==> ignore
    arg [/usr/libexec/gcc/x86_64-redhat-linux/4.9.2/liblto_plugin.so] ==> ignore
    arg [-plugin-opt=/usr/libexec/gcc/x86_64-redhat-linux/4.9.2/lto-wrapper] ==> ignore
    arg [-plugin-opt=-fresolution=/tmp/ccyI1J5Q.res] ==> ignore
    arg [-plugin-opt=-pass-through=-lgcc] ==> ignore
    arg [-plugin-opt=-pass-through=-lgcc_s] ==> ignore
    arg [-plugin-opt=-pass-through=-lc] ==> ignore
    arg [-plugin-opt=-pass-through=-lgcc] ==> ignore
    arg [-plugin-opt=-pass-through=-lgcc_s] ==> ignore
    arg [--build-id] ==> ignore
    arg [--no-add-needed] ==> ignore
    arg [--eh-frame-hdr] ==> ignore
    arg [--hash-style=gnu] ==> ignore
    arg [-m] ==> ignore
    arg [elf_x86_64] ==> ignore
    arg [-export-dynamic] ==> ignore
    arg [-dynamic-linker] ==> ignore
    arg [/lib64/ld-linux-x86-64.so.2] ==> ignore
    arg [-o] ==> ignore
    arg [cmTryCompileExec1984154148] ==> ignore
    arg [/usr/lib/gcc/x86_64-redhat-linux/4.9.2/../../../../lib64/crt1.o] ==> ignore
    arg [/usr/lib/gcc/x86_64-redhat-linux/4.9.2/../../../../lib64/crti.o] ==> ignore
    arg [/usr/lib/gcc/x86_64-redhat-linux/4.9.2/crtbegin.o] ==> ignore
    arg [-L/usr/lib/gcc/x86_64-redhat-linux/4.9.2] ==> dir [/usr/lib/gcc/x86_64-redhat-linux/4.9.2]
    arg [-L/usr/lib/gcc/x86_64-redhat-linux/4.9.2/../../../../lib64] ==> dir [/usr/lib/gcc/x86_64-redhat-linux/4.9.2/../../../../lib64]
    arg [-L/lib/../lib64] ==> dir [/lib/../lib64]
    arg [-L/usr/lib/../lib64] ==> dir [/usr/lib/../lib64]
    arg [-L/usr/lib/gcc/x86_64-redhat-linux/4.9.2/../../..] ==> dir [/usr/lib/gcc/x86_64-redhat-linux/4.9.2/../../..]
    arg [CMakeFiles/cmTryCompileExec1984154148.dir/CMakeCCompilerABI.c.o] ==> ignore
    arg [-lgcc] ==> lib [gcc]
    arg [--as-needed] ==> ignore
    arg [-lgcc_s] ==> lib [gcc_s]
    arg [--no-as-needed] ==> ignore
    arg [-lc] ==> lib [c]
    arg [-lgcc] ==> lib [gcc]
    arg [--as-needed] ==> ignore
    arg [-lgcc_s] ==> lib [gcc_s]
    arg [--no-as-needed] ==> ignore
    arg [/usr/lib/gcc/x86_64-redhat-linux/4.9.2/crtend.o] ==> ignore
    arg [/usr/lib/gcc/x86_64-redhat-linux/4.9.2/../../../../lib64/crtn.o] ==> ignore
  remove lib [gcc]
  remove lib [gcc_s]
  remove lib [gcc]
  remove lib [gcc_s]
  collapse library dir [/usr/lib/gcc/x86_64-redhat-linux/4.9.2] ==> [/usr/lib/gcc/x86_64-redhat-linux/4.9.2]
  collapse library dir [/usr/lib/gcc/x86_64-redhat-linux/4.9.2/../../../../lib64] ==> [/usr/lib64]
  collapse library dir [/lib/../lib64] ==> [/lib64]
  collapse library dir [/usr/lib/../lib64] ==> [/usr/lib64]
  collapse library dir [/usr/lib/gcc/x86_64-redhat-linux/4.9.2/../../..] ==> [/usr/lib]
  implicit libs: [c]
  implicit dirs: [/usr/lib/gcc/x86_64-redhat-linux/4.9.2;/usr/lib64;/lib64;/usr/lib]
  implicit fwks: []


Determining if the CXX compiler works passed with the following output:
Change Dir: /home/jscialabba/workspace/tp_taller2/src/UdriveServer/main/CMakeFiles/CMakeTmp

Run Build Command:"/usr/bin/gmake" "cmTryCompileExec3907661634/fast"
/usr/bin/gmake -f CMakeFiles/cmTryCompileExec3907661634.dir/build.make CMakeFiles/cmTryCompileExec3907661634.dir/build
gmake[1]: Entering directory '/home/jscialabba/workspace/tp_taller2/src/UdriveServer/main/CMakeFiles/CMakeTmp'
/usr/bin/cmake -E cmake_progress_report /home/jscialabba/workspace/tp_taller2/src/UdriveServer/main/CMakeFiles/CMakeTmp/CMakeFiles 1
Building CXX object CMakeFiles/cmTryCompileExec3907661634.dir/testCXXCompiler.cxx.o
/usr/bin/c++     -o CMakeFiles/cmTryCompileExec3907661634.dir/testCXXCompiler.cxx.o -c /home/jscialabba/workspace/tp_taller2/src/UdriveServer/main/CMakeFiles/CMakeTmp/testCXXCompiler.cxx
Linking CXX executable cmTryCompileExec3907661634
/usr/bin/cmake -E cmake_link_script CMakeFiles/cmTryCompileExec3907661634.dir/link.txt --verbose=1
/usr/bin/c++        CMakeFiles/cmTryCompileExec3907661634.dir/testCXXCompiler.cxx.o  -o cmTryCompileExec3907661634 -rdynamic 
gmake[1]: Leaving directory '/home/jscialabba/workspace/tp_taller2/src/UdriveServer/main/CMakeFiles/CMakeTmp'


Detecting CXX compiler ABI info compiled with the following output:
Change Dir: /home/jscialabba/workspace/tp_taller2/src/UdriveServer/main/CMakeFiles/CMakeTmp

Run Build Command:"/usr/bin/gmake" "cmTryCompileExec117988056/fast"
/usr/bin/gmake -f CMakeFiles/cmTryCompileExec117988056.dir/build.make CMakeFiles/cmTryCompileExec117988056.dir/build
gmake[1]: Entering directory '/home/jscialabba/workspace/tp_taller2/src/UdriveServer/main/CMakeFiles/CMakeTmp'
/usr/bin/cmake -E cmake_progress_report /home/jscialabba/workspace/tp_taller2/src/UdriveServer/main/CMakeFiles/CMakeTmp/CMakeFiles 1
Building CXX object CMakeFiles/cmTryCompileExec117988056.dir/CMakeCXXCompilerABI.cpp.o
/usr/bin/c++     -o CMakeFiles/cmTryCompileExec117988056.dir/CMakeCXXCompilerABI.cpp.o -c /usr/share/cmake/Modules/CMakeCXXCompilerABI.cpp
Linking CXX executable cmTryCompileExec117988056
/usr/bin/cmake -E cmake_link_script CMakeFiles/cmTryCompileExec117988056.dir/link.txt --verbose=1
/usr/bin/c++      -v CMakeFiles/cmTryCompileExec117988056.dir/CMakeCXXCompilerABI.cpp.o  -o cmTryCompileExec117988056 -rdynamic  
Usando especificaciones internas.
COLLECT_GCC=/usr/bin/c++
COLLECT_LTO_WRAPPER=/usr/libexec/gcc/x86_64-redhat-linux/4.9.2/lto-wrapper
Objetivo: x86_64-redhat-linux
Configurado con: ../configure --prefix=/usr --mandir=/usr/share/man --infodir=/usr/share/info --with-bugurl=http://bugzilla.redhat.com/bugzilla --enable-bootstrap --enable-shared --enable-threads=posix --enable-checking=release --enable-multilib --with-system-zlib --enable-__cxa_atexit --disable-libunwind-exceptions --enable-gnu-unique-object --enable-linker-build-id --with-linker-hash-style=gnu --enable-languages=c,c++,objc,obj-c++,fortran,ada,go,lto --enable-plugin --enable-initfini-array --disable-libgcj --with-isl=/builddir/build/BUILD/gcc-4.9.2-20141101/obj-x86_64-redhat-linux/isl-install --with-cloog=/builddir/build/BUILD/gcc-4.9.2-20141101/obj-x86_64-redhat-linux/cloog-install --enable-gnu-indirect-function --with-tune=generic --with-arch_32=i686 --build=x86_64-redhat-linux
Modelo de hilos: posix
gcc versi贸n 4.9.2 20141101 (Red Hat 4.9.2-1) (GCC) 
COMPILER_PATH=/usr/libexec/gcc/x86_64-redhat-linux/4.9.2/:/usr/libexec/gcc/x86_64-redhat-linux/4.9.2/:/usr/libexec/gcc/x86_64-redhat-linux/:/usr/lib/gcc/x86_64-redhat-linux/4.9.2/:/usr/lib/gcc/x86_64-redhat-linux/
LIBRARY_PATH=/usr/lib/gcc/x86_64-redhat-linux/4.9.2/:/usr/lib/gcc/x86_64-redhat-linux/4.9.2/../../../../lib64/:/lib/../lib64/:/usr/lib/../lib64/:/usr/lib/gcc/x86_64-redhat-linux/4.9.2/../../../:/lib/:/usr/lib/
COLLECT_GCC_OPTIONS='-v' '-o' 'cmTryCompileExec117988056' '-rdynamic' '-shared-libgcc' '-mtune=generic' '-march=x86-64'
 /usr/libexec/gcc/x86_64-redhat-linux/4.9.2/collect2 -plugin /usr/libexec/gcc/x86_64-redhat-linux/4.9.2/liblto_plugin.so -plugin-opt=/usr/libexec/gcc/x86_64-redhat-linux/4.9.2/lto-wrapper -plugin-opt=-fresolution=/tmp/cczac165.res -plugin-opt=-pass-through=-lgcc_s -plugin-opt=-pass-through=-lgcc -plugin-opt=-pass-through=-lc -plugin-opt=-pass-through=-lgcc_s -plugin-opt=-pass-through=-lgcc --build-id --no-add-needed --eh-frame-hdr --hash-style=gnu -m elf_x86_64 -export-dynamic -dynamic-linker /lib64/ld-linux-x86-64.so.2 -o cmTryCompileExec117988056 /usr/lib/gcc/x86_64-redhat-linux/4.9.2/../../../../lib64/crt1.o /usr/lib/gcc/x86_64-redhat-linux/4.9.2/../../../../lib64/crti.o /usr/lib/gcc/x86_64-redhat-linux/4.9.2/crtbegin.o -L/usr/lib/gcc/x86_64-redhat-linux/4.9.2 -L/usr/lib/gcc/x86_64-redhat-linux/4.9.2/../../../../lib64 -L/lib/../lib64 -L/usr/lib/../lib64 -L/usr/lib/gcc/x86_64-redhat-linux/4.9.2/../../.. CMakeFiles/cmTryCompileExec117988056.dir/CMakeCXXCompilerABI.cpp.o -lstdc++ -lm -lgcc_s -lgcc -lc -lgcc_s -lgcc /usr/lib/gcc/x86_64-redhat-linux/4.9.2/crtend.o /usr/lib/gcc/x86_64-redhat-linux/4.9.2/../../../../lib64/crtn.o
gmake[1]: Leaving directory '/home/jscialabba/workspace/tp_taller2/src/UdriveServer/main/CMakeFiles/CMakeTmp'


Parsed CXX implicit link information from above output:
  link line regex: [^( *|.*[/\])(ld|([^/\]+-)?ld|collect2)[^/\]*( |$)]
  ignore line: [Change Dir: /home/jscialabba/workspace/tp_taller2/src/UdriveServer/main/CMakeFiles/CMakeTmp]
  ignore line: []
  ignore line: [Run Build Command:"/usr/bin/gmake" "cmTryCompileExec117988056/fast"]
  ignore line: [/usr/bin/gmake -f CMakeFiles/cmTryCompileExec117988056.dir/build.make CMakeFiles/cmTryCompileExec117988056.dir/build]
  ignore line: [gmake[1]: Entering directory '/home/jscialabba/workspace/tp_taller2/src/UdriveServer/main/CMakeFiles/CMakeTmp']
  ignore line: [/usr/bin/cmake -E cmake_progress_report /home/jscialabba/workspace/tp_taller2/src/UdriveServer/main/CMakeFiles/CMakeTmp/CMakeFiles 1]
  ignore line: [Building CXX object CMakeFiles/cmTryCompileExec117988056.dir/CMakeCXXCompilerABI.cpp.o]
  ignore line: [/usr/bin/c++     -o CMakeFiles/cmTryCompileExec117988056.dir/CMakeCXXCompilerABI.cpp.o -c /usr/share/cmake/Modules/CMakeCXXCompilerABI.cpp]
  ignore line: [Linking CXX executable cmTryCompileExec117988056]
  ignore line: [/usr/bin/cmake -E cmake_link_script CMakeFiles/cmTryCompileExec117988056.dir/link.txt --verbose=1]
  ignore line: [/usr/bin/c++      -v CMakeFiles/cmTryCompileExec117988056.dir/CMakeCXXCompilerABI.cpp.o  -o cmTryCompileExec117988056 -rdynamic  ]
  ignore line: [Usando especificaciones internas.]
  ignore line: [COLLECT_GCC=/usr/bin/c++]
  ignore line: [COLLECT_LTO_WRAPPER=/usr/libexec/gcc/x86_64-redhat-linux/4.9.2/lto-wrapper]
  ignore line: [Objetivo: x86_64-redhat-linux]
  ignore line: [Configurado con: ../configure --prefix=/usr --mandir=/usr/share/man --infodir=/usr/share/info --with-bugurl=http://bugzilla.redhat.com/bugzilla --enable-bootstrap --enable-shared --enable-threads=posix --enable-checking=release --enable-multilib --with-system-zlib --enable-__cxa_atexit --disable-libunwind-exceptions --enable-gnu-unique-object --enable-linker-build-id --with-linker-hash-style=gnu --enable-languages=c,c++,objc,obj-c++,fortran,ada,go,lto --enable-plugin --enable-initfini-array --disable-libgcj --with-isl=/builddir/build/BUILD/gcc-4.9.2-20141101/obj-x86_64-redhat-linux/isl-install --with-cloog=/builddir/build/BUILD/gcc-4.9.2-20141101/obj-x86_64-redhat-linux/cloog-install --enable-gnu-indirect-function --with-tune=generic --with-arch_32=i686 --build=x86_64-redhat-linux]
  ignore line: [Modelo de hilos: posix]
  ignore line: [gcc versi贸n 4.9.2 20141101 (Red Hat 4.9.2-1) (GCC) ]
  ignore line: [COMPILER_PATH=/usr/libexec/gcc/x86_64-redhat-linux/4.9.2/:/usr/libexec/gcc/x86_64-redhat-linux/4.9.2/:/usr/libexec/gcc/x86_64-redhat-linux/:/usr/lib/gcc/x86_64-redhat-linux/4.9.2/:/usr/lib/gcc/x86_64-redhat-linux/]
  ignore line: [LIBRARY_PATH=/usr/lib/gcc/x86_64-redhat-linux/4.9.2/:/usr/lib/gcc/x86_64-redhat-linux/4.9.2/../../../../lib64/:/lib/../lib64/:/usr/lib/../lib64/:/usr/lib/gcc/x86_64-redhat-linux/4.9.2/../../../:/lib/:/usr/lib/]
  ignore line: [COLLECT_GCC_OPTIONS='-v' '-o' 'cmTryCompileExec117988056' '-rdynamic' '-shared-libgcc' '-mtune=generic' '-march=x86-64']
  link line: [ /usr/libexec/gcc/x86_64-redhat-linux/4.9.2/collect2 -plugin /usr/libexec/gcc/x86_64-redhat-linux/4.9.2/liblto_plugin.so -plugin-opt=/usr/libexec/gcc/x86_64-redhat-linux/4.9.2/lto-wrapper -plugin-opt=-fresolution=/tmp/cczac165.res -plugin-opt=-pass-through=-lgcc_s -plugin-opt=-pass-through=-lgcc -plugin-opt=-pass-through=-lc -plugin-opt=-pass-through=-lgcc_s -plugin-opt=-pass-through=-lgcc --build-id --no-add-needed --eh-frame-hdr --hash-style=gnu -m elf_x86_64 -export-dynamic -dynamic-linker /lib64/ld-linux-x86-64.so.2 -o cmTryCompileExec117988056 /usr/lib/gcc/x86_64-redhat-linux/4.9.2/../../../../lib64/crt1.o /usr/lib/gcc/x86_64-redhat-linux/4.9.2/../../../../lib64/crti.o /usr/lib/gcc/x86_64-redhat-linux/4.9.2/crtbegin.o -L/usr/lib/gcc/x86_64-redhat-linux/4.9.2 -L/usr/lib/gcc/x86_64-redhat-linux/4.9.2/../../../../lib64 -L/lib/../lib64 -L/usr/lib/../lib64 -L/usr/lib/gcc/x86_64-redhat-linux/4.9.2/../../.. CMakeFiles/cmTryCompileExec117988056.dir/CMakeCXXCompilerABI.cpp.o -lstdc++ -lm -lgcc_s -lgcc -lc -lgcc_s -lgcc /usr/lib/gcc/x86_64-redhat-linux/4.9.2/crtend.o /usr/lib/gcc/x86_64-redhat-linux/4.9.2/../../../../lib64/crtn.o]
    arg [/usr/libexec/gcc/x86_64-redhat-linux/4.9.2/collect2] ==> ignore
    arg [-plugin] ==> ignore
    arg [/usr/libexec/gcc/x86_64-redhat-linux/4.9.2/liblto_plugin.so] ==> ignore
    arg [-plugin-opt=/usr/libexec/gcc/x86_64-redhat-linux/4.9.2/lto-wrapper] ==> ignore
    arg [-plugin-opt=-fresolution=/tmp/cczac165.res] ==> ignore
    arg [-plugin-opt=-pass-through=-lgcc_s] ==> ignore
    arg [-plugin-opt=-pass-through=-lgcc] ==> ignore
    arg [-plugin-opt=-pass-through=-lc] ==> ignore
    arg [-plugin-opt=-pass-through=-lgcc_s] ==> ignore
    arg [-plugin-opt=-pass-through=-lgcc] ==> ignore
    arg [--build-id] ==> ignore
    arg [--no-add-needed] ==> ignore
    arg [--eh-frame-hdr] ==> ignore
    arg [--hash-style=gnu] ==> ignore
    arg [-m] ==> ignore
    arg [elf_x86_64] ==> ignore
    arg [-export-dynamic] ==> ignore
    arg [-dynamic-linker] ==> ignore
    arg [/lib64/ld-linux-x86-64.so.2] ==> ignore
    arg [-o] ==> ignore
    arg [cmTryCompileExec117988056] ==> ignore
    arg [/usr/lib/gcc/x86_64-redhat-linux/4.9.2/../../../../lib64/crt1.o] ==> ignore
    arg [/usr/lib/gcc/x86_64-redhat-linux/4.9.2/../../../../lib64/crti.o] ==> ignore
    arg [/usr/lib/gcc/x86_64-redhat-linux/4.9.2/crtbegin.o] ==> ignore
    arg [-L/usr/lib/gcc/x86_64-redhat-linux/4.9.2] ==> dir [/usr/lib/gcc/x86_64-redhat-linux/4.9.2]
    arg [-L/usr/lib/gcc/x86_64-redhat-linux/4.9.2/../../../../lib64] ==> dir [/usr/lib/gcc/x86_64-redhat-linux/4.9.2/../../../../lib64]
    arg [-L/lib/../lib64] ==> dir [/lib/../lib64]
    arg [-L/usr/lib/../lib64] ==> dir [/usr/lib/../lib64]
    arg [-L/usr/lib/gcc/x86_64-redhat-linux/4.9.2/../../..] ==> dir [/usr/lib/gcc/x86_64-redhat-linux/4.9.2/../../..]
    arg [CMakeFiles/cmTryCompileExec117988056.dir/CMakeCXXCompilerABI.cpp.o] ==> ignore
    arg [-lstdc++] ==> lib [stdc++]
    arg [-lm] ==> lib [m]
    arg [-lgcc_s] ==> lib [gcc_s]
    arg [-lgcc] ==> lib [gcc]
    arg [-lc] ==> lib [c]
    arg [-lgcc_s] ==> lib [gcc_s]
    arg [-lgcc] ==> lib [gcc]
    arg [/usr/lib/gcc/x86_64-redhat-linux/4.9.2/crtend.o] ==> ignore
    arg [/usr/lib/gcc/x86_64-redhat-linux/4.9.2/../../../../lib64/crtn.o] ==> ignore
  remove lib [gcc_s]
  remove lib [gcc]
  remove lib [gcc_s]
  remove lib [gcc]
  collapse library dir [/usr/lib/gcc/x86_64-redhat-linux/4.9.2] ==> [/usr/lib/gcc/x86_64-redhat-linux/4.9.2]
  collapse library dir [/usr/lib/gcc/x86_64-redhat-linux/4.9.2/../../../../lib64] ==> [/usr/lib64]
  collapse library dir [/lib/../lib64] ==> [/lib64]
  collapse library dir [/usr/lib/../lib64] ==> [/usr/lib64]
  collapse library dir [/usr/lib/gcc/x86_64-redhat-linux/4.9.2/../../..] ==> [/usr/lib]
  implicit libs: [stdc++;m;c]
  implicit dirs: [/usr/lib/gcc/x86_64-redhat-linux/4.9.2;/usr/lib64;/lib64;/usr/lib]
  implicit fwks: []


